<?xml version="1.0" encoding="UTF-8"?>
<!-- Generated by org.testng.reporters.JUnitXMLReporter -->
<testsuite hostname="sanjoy-PC" tests="1" failures="1" timestamp="9 Jun 2014 15:51:50 GMT" time="55.337" errors="0">
  <testcase name="test" time="55.31" classname="SeleniumTest">
    <failure type="org.openqa.selenium.WebDriverException" message="Failed to connect to binary FirefoxBinary(C:\Program Files (x86)\Mozilla Firefox\firefox.exe) on port 7055; process output follows: 
3525BDAD38A} visible
*** LOG DeferredSave/extensions.json: Save changes
*** LOG DeferredSave/extensions.json: Save changes
*** LOG addons.xpi: Loading bootstrap scope from C:\Program Files (x86)\Mozilla Firefox\browser\extensions\{82AF8DCA-6DE9-405D-BD5E-43525BDAD38A}.xpi
*** LOG addons.xpi: Calling bootstrap method install on {82AF8DCA-6DE9-405D-BD5E-43525BDAD38A} version 7.2.15747.10003
*** LOG addons.xpi: New add-on {972ce4c6-7e08-4474-a285-3208198ce6fd} installed in app-global
*** LOG addons.xpi-utils: Make addon app-global:{972ce4c6-7e08-4474-a285-3208198ce6fd} visible
*** LOG DeferredSave/extensions.json: Save changes
*** LOG DeferredSave/extensions.json: Save changes
*** LOG addons.xpi: New add-on wrc@avast.com installed in winreg-app-global
*** LOG addons.xpi-utils: Make addon winreg-app-global:wrc@avast.com visible
*** LOG DeferredSave/extensions.json: Save changes
*** LOG DeferredSave/extensions.json: Save changes
*** LOG addons.xpi: New add-on url_advisor@kaspersky.com installed in winreg-app-global
*** LOG addons.xpi-utils: Make addon winreg-app-global:url_advisor@kaspersky.com visible
*** LOG DeferredSave/extensions.json: Save changes
*** LOG DeferredSave/extensions.json: Save changes
*** LOG addons.xpi: New add-on virtual_keyboard@kaspersky.com installed in winreg-app-global
*** LOG addons.xpi-utils: Make addon winreg-app-global:virtual_keyboard@kaspersky.com visible
*** LOG DeferredSave/extensions.json: Save changes
*** LOG DeferredSave/extensions.json: Save changes
*** LOG addons.xpi: New add-on content_blocker@kaspersky.com installed in winreg-app-global
*** LOG addons.xpi-utils: Make addon winreg-app-global:content_blocker@kaspersky.com visible
*** LOG DeferredSave/extensions.json: Save changes
*** LOG DeferredSave/extensions.json: Save changes
*** LOG addons.xpi: Updating database with changes to installed add-ons
*** LOG addons.xpi-utils: Updating add-on states
*** LOG addons.xpi-utils: Writing add-ons list
*** LOG addons.xpi: Registering manifest for C:\Program Files (x86)\Mozilla Firefox\browser\extensions\{82AF8DCA-6DE9-405D-BD5E-43525BDAD38A}.xpi
*** LOG addons.xpi: Calling bootstrap method startup on {82AF8DCA-6DE9-405D-BD5E-43525BDAD38A} version 7.2.15747.10003
*** LOG DeferredSave/extensions.json: Starting timer
*** LOG DeferredSave/extensions.json: Starting write
*** LOG addons.manager: shutdown
*** LOG addons.xpi: shutdown
*** LOG addons.xpi-utils: shutdown
*** LOG DeferredSave/extensions.json: Write succeeded
*** LOG addons.xpi-utils: XPI Database saved, setting schema version preference to 16
*** LOG addons.xpi: Notifying XPI shutdown observers
*** LOG addons.manager: Async provider shutdown done
*** LOG addons.xpi: startup
*** LOG addons.xpi: Skipping unavailable install location app-system-local
*** LOG addons.xpi: Skipping unavailable install location app-system-share
*** LOG addons.xpi: Ignoring file entry whose name is not a valid add-on ID: C:\Users\sanjoy\AppData\Local\Temp\anonymous3163353020876503034webdriver-profile\extensions\webdriver-staging
*** LOG addons.xpi: checkForChanges
*** LOG addons.xpi: No changes found
*** LOG addons.xpi: Registering manifest for C:\Program Files (x86)\Mozilla Firefox\browser\extensions\{82AF8DCA-6DE9-405D-BD5E-43525BDAD38A}.xpi
*** LOG addons.xpi: Loading bootstrap scope from C:\Program Files (x86)\Mozilla Firefox\browser\extensions\{82AF8DCA-6DE9-405D-BD5E-43525BDAD38A}.xpi
*** LOG addons.xpi: Calling bootstrap method startup on {82AF8DCA-6DE9-405D-BD5E-43525BDAD38A} version 7.2.15747.10003
*** Blocklist::_loadBlocklistFromFile: blocklist is disabled
System JS : ERROR chrome://browser/content/content-sessionStore.js:230 - TypeError: docShell.QueryInterface(...).sessionHistory is null
System JS : ERROR chrome://browser/content/content-sessionStore.js:230 - TypeError: docShell.QueryInterface(...).sessionHistory is null
JavaScript error: chrome://browser/content/urlbarBindings.xml, line 650: aUrl is undefined
JavaScript error: chrome://browser/content/urlbarBindings.xml, line 650: aUrl is undefined

Build info: version: &amp;apos;2.33.0&amp;apos;, revision: &amp;apos;4e90c97&amp;apos;, time: &amp;apos;2013-05-22 15:33:32&amp;apos;
System info: os.name: &amp;apos;Windows 7&amp;apos;, os.arch: &amp;apos;x86&amp;apos;, os.version: &amp;apos;6.1&amp;apos;, java.version: &amp;apos;1.7.0_45&amp;apos;
Driver info: driver.version: FirefoxDriver">
      <![CDATA[org.openqa.selenium.WebDriverException: Failed to connect to binary FirefoxBinary(C:\Program Files (x86)\Mozilla Firefox\firefox.exe) on port 7055; process output follows: 
3525BDAD38A} visible
*** LOG DeferredSave/extensions.json: Save changes
*** LOG DeferredSave/extensions.json: Save changes
*** LOG addons.xpi: Loading bootstrap scope from C:\Program Files (x86)\Mozilla Firefox\browser\extensions\{82AF8DCA-6DE9-405D-BD5E-43525BDAD38A}.xpi
*** LOG addons.xpi: Calling bootstrap method install on {82AF8DCA-6DE9-405D-BD5E-43525BDAD38A} version 7.2.15747.10003
*** LOG addons.xpi: New add-on {972ce4c6-7e08-4474-a285-3208198ce6fd} installed in app-global
*** LOG addons.xpi-utils: Make addon app-global:{972ce4c6-7e08-4474-a285-3208198ce6fd} visible
*** LOG DeferredSave/extensions.json: Save changes
*** LOG DeferredSave/extensions.json: Save changes
*** LOG addons.xpi: New add-on wrc@avast.com installed in winreg-app-global
*** LOG addons.xpi-utils: Make addon winreg-app-global:wrc@avast.com visible
*** LOG DeferredSave/extensions.json: Save changes
*** LOG DeferredSave/extensions.json: Save changes
*** LOG addons.xpi: New add-on url_advisor@kaspersky.com installed in winreg-app-global
*** LOG addons.xpi-utils: Make addon winreg-app-global:url_advisor@kaspersky.com visible
*** LOG DeferredSave/extensions.json: Save changes
*** LOG DeferredSave/extensions.json: Save changes
*** LOG addons.xpi: New add-on virtual_keyboard@kaspersky.com installed in winreg-app-global
*** LOG addons.xpi-utils: Make addon winreg-app-global:virtual_keyboard@kaspersky.com visible
*** LOG DeferredSave/extensions.json: Save changes
*** LOG DeferredSave/extensions.json: Save changes
*** LOG addons.xpi: New add-on content_blocker@kaspersky.com installed in winreg-app-global
*** LOG addons.xpi-utils: Make addon winreg-app-global:content_blocker@kaspersky.com visible
*** LOG DeferredSave/extensions.json: Save changes
*** LOG DeferredSave/extensions.json: Save changes
*** LOG addons.xpi: Updating database with changes to installed add-ons
*** LOG addons.xpi-utils: Updating add-on states
*** LOG addons.xpi-utils: Writing add-ons list
*** LOG addons.xpi: Registering manifest for C:\Program Files (x86)\Mozilla Firefox\browser\extensions\{82AF8DCA-6DE9-405D-BD5E-43525BDAD38A}.xpi
*** LOG addons.xpi: Calling bootstrap method startup on {82AF8DCA-6DE9-405D-BD5E-43525BDAD38A} version 7.2.15747.10003
*** LOG DeferredSave/extensions.json: Starting timer
*** LOG DeferredSave/extensions.json: Starting write
*** LOG addons.manager: shutdown
*** LOG addons.xpi: shutdown
*** LOG addons.xpi-utils: shutdown
*** LOG DeferredSave/extensions.json: Write succeeded
*** LOG addons.xpi-utils: XPI Database saved, setting schema version preference to 16
*** LOG addons.xpi: Notifying XPI shutdown observers
*** LOG addons.manager: Async provider shutdown done
*** LOG addons.xpi: startup
*** LOG addons.xpi: Skipping unavailable install location app-system-local
*** LOG addons.xpi: Skipping unavailable install location app-system-share
*** LOG addons.xpi: Ignoring file entry whose name is not a valid add-on ID: C:\Users\sanjoy\AppData\Local\Temp\anonymous3163353020876503034webdriver-profile\extensions\webdriver-staging
*** LOG addons.xpi: checkForChanges
*** LOG addons.xpi: No changes found
*** LOG addons.xpi: Registering manifest for C:\Program Files (x86)\Mozilla Firefox\browser\extensions\{82AF8DCA-6DE9-405D-BD5E-43525BDAD38A}.xpi
*** LOG addons.xpi: Loading bootstrap scope from C:\Program Files (x86)\Mozilla Firefox\browser\extensions\{82AF8DCA-6DE9-405D-BD5E-43525BDAD38A}.xpi
*** LOG addons.xpi: Calling bootstrap method startup on {82AF8DCA-6DE9-405D-BD5E-43525BDAD38A} version 7.2.15747.10003
*** Blocklist::_loadBlocklistFromFile: blocklist is disabled
System JS : ERROR chrome://browser/content/content-sessionStore.js:230 - TypeError: docShell.QueryInterface(...).sessionHistory is null
System JS : ERROR chrome://browser/content/content-sessionStore.js:230 - TypeError: docShell.QueryInterface(...).sessionHistory is null
JavaScript error: chrome://browser/content/urlbarBindings.xml, line 650: aUrl is undefined
JavaScript error: chrome://browser/content/urlbarBindings.xml, line 650: aUrl is undefined

Build info: version: '2.33.0', revision: '4e90c97', time: '2013-05-22 15:33:32'
System info: os.name: 'Windows 7', os.arch: 'x86', os.version: '6.1', java.version: '1.7.0_45'
Driver info: driver.version: FirefoxDriver
	at org.openqa.selenium.firefox.internal.NewProfileExtensionConnection.start(NewProfileExtensionConnection.java:118)
	at org.openqa.selenium.firefox.FirefoxDriver.startClient(FirefoxDriver.java:244)
	at org.openqa.selenium.remote.RemoteWebDriver.<init>(RemoteWebDriver.java:110)
	at org.openqa.selenium.firefox.FirefoxDriver.<init>(FirefoxDriver.java:190)
	at org.openqa.selenium.firefox.FirefoxDriver.<init>(FirefoxDriver.java:183)
	at org.openqa.selenium.firefox.FirefoxDriver.<init>(FirefoxDriver.java:179)
	at org.openqa.selenium.firefox.FirefoxDriver.<init>(FirefoxDriver.java:92)
	at SeleniumTest.test(SeleniumTest.java:22)
	at sun.reflect.NativeMethodAccessorImpl.invoke0(Native Method)
	at sun.reflect.NativeMethodAccessorImpl.invoke(Unknown Source)
	at sun.reflect.DelegatingMethodAccessorImpl.invoke(Unknown Source)
	at java.lang.reflect.Method.invoke(Unknown Source)
	at org.testng.internal.MethodInvocationHelper.invokeMethod(MethodInvocationHelper.java:84)
	at org.testng.internal.Invoker.invokeMethod(Invoker.java:714)
	at org.testng.internal.Invoker.invokeTestMethod(Invoker.java:901)
	at org.testng.internal.Invoker.invokeTestMethods(Invoker.java:1231)
	at org.testng.internal.TestMethodWorker.invokeTestMethods(TestMethodWorker.java:127)
	at org.testng.internal.TestMethodWorker.run(TestMethodWorker.java:111)
	at org.testng.TestRunner.privateRun(TestRunner.java:767)
	at org.testng.TestRunner.run(TestRunner.java:617)
	at org.testng.SuiteRunner.runTest(SuiteRunner.java:335)
	at org.testng.SuiteRunner.runSequentially(SuiteRunner.java:330)
	at org.testng.SuiteRunner.privateRun(SuiteRunner.java:291)
	at org.testng.SuiteRunner.run(SuiteRunner.java:240)
	at org.testng.SuiteRunnerWorker.runSuite(SuiteRunnerWorker.java:52)
	at org.testng.SuiteRunnerWorker.run(SuiteRunnerWorker.java:86)
	at org.testng.TestNG.runSuitesSequentially(TestNG.java:1224)
	at org.testng.TestNG.runSuitesLocally(TestNG.java:1149)
	at org.testng.TestNG.run(TestNG.java:1057)
	at org.testng.remote.RemoteTestNG.run(RemoteTestNG.java:111)
	at org.testng.remote.RemoteTestNG.initAndRun(RemoteTestNG.java:204)
	at org.testng.remote.RemoteTestNG.main(RemoteTestNG.java:175)
Caused by: org.openqa.selenium.firefox.NotConnectedException: Unable to connect to host 127.0.0.1 on port 7055 after 45000 ms. Firefox console output:
3525BDAD38A} visible
*** LOG DeferredSave/extensions.json: Save changes
*** LOG DeferredSave/extensions.json: Save changes
*** LOG addons.xpi: Loading bootstrap scope from C:\Program Files (x86)\Mozilla Firefox\browser\extensions\{82AF8DCA-6DE9-405D-BD5E-43525BDAD38A}.xpi
*** LOG addons.xpi: Calling bootstrap method install on {82AF8DCA-6DE9-405D-BD5E-43525BDAD38A} version 7.2.15747.10003
*** LOG addons.xpi: New add-on {972ce4c6-7e08-4474-a285-3208198ce6fd} installed in app-global
*** LOG addons.xpi-utils: Make addon app-global:{972ce4c6-7e08-4474-a285-3208198ce6fd} visible
*** LOG DeferredSave/extensions.json: Save changes
*** LOG DeferredSave/extensions.json: Save changes
*** LOG addons.xpi: New add-on wrc@avast.com installed in winreg-app-global
*** LOG addons.xpi-utils: Make addon winreg-app-global:wrc@avast.com visible
*** LOG DeferredSave/extensions.json: Save changes
*** LOG DeferredSave/extensions.json: Save changes
*** LOG addons.xpi: New add-on url_advisor@kaspersky.com installed in winreg-app-global
*** LOG addons.xpi-utils: Make addon winreg-app-global:url_advisor@kaspersky.com visible
*** LOG DeferredSave/extensions.json: Save changes
*** LOG DeferredSave/extensions.json: Save changes
*** LOG addons.xpi: New add-on virtual_keyboard@kaspersky.com installed in winreg-app-global
*** LOG addons.xpi-utils: Make addon winreg-app-global:virtual_keyboard@kaspersky.com visible
*** LOG DeferredSave/extensions.json: Save changes
*** LOG DeferredSave/extensions.json: Save changes
*** LOG addons.xpi: New add-on content_blocker@kaspersky.com installed in winreg-app-global
*** LOG addons.xpi-utils: Make addon winreg-app-global:content_blocker@kaspersky.com visible
*** LOG DeferredSave/extensions.json: Save changes
*** LOG DeferredSave/extensions.json: Save changes
*** LOG addons.xpi: Updating database with changes to installed add-ons
*** LOG addons.xpi-utils: Updating add-on states
*** LOG addons.xpi-utils: Writing add-ons list
*** LOG addons.xpi: Registering manifest for C:\Program Files (x86)\Mozilla Firefox\browser\extensions\{82AF8DCA-6DE9-405D-BD5E-43525BDAD38A}.xpi
*** LOG addons.xpi: Calling bootstrap method startup on {82AF8DCA-6DE9-405D-BD5E-43525BDAD38A} version 7.2.15747.10003
*** LOG DeferredSave/extensions.json: Starting timer
*** LOG DeferredSave/extensions.json: Starting write
*** LOG addons.manager: shutdown
*** LOG addons.xpi: shutdown
*** LOG addons.xpi-utils: shutdown
*** LOG DeferredSave/extensions.json: Write succeeded
*** LOG addons.xpi-utils: XPI Database saved, setting schema version preference to 16
*** LOG addons.xpi: Notifying XPI shutdown observers
*** LOG addons.manager: Async provider shutdown done
*** LOG addons.xpi: startup
*** LOG addons.xpi: Skipping unavailable install location app-system-local
*** LOG addons.xpi: Skipping unavailable install location app-system-share
*** LOG addons.xpi: Ignoring file entry whose name is not a valid add-on ID: C:\Users\sanjoy\AppData\Local\Temp\anonymous3163353020876503034webdriver-profile\extensions\webdriver-staging
*** LOG addons.xpi: checkForChanges
*** LOG addons.xpi: No changes found
*** LOG addons.xpi: Registering manifest for C:\Program Files (x86)\Mozilla Firefox\browser\extensions\{82AF8DCA-6DE9-405D-BD5E-43525BDAD38A}.xpi
*** LOG addons.xpi: Loading bootstrap scope from C:\Program Files (x86)\Mozilla Firefox\browser\extensions\{82AF8DCA-6DE9-405D-BD5E-43525BDAD38A}.xpi
*** LOG addons.xpi: Calling bootstrap method startup on {82AF8DCA-6DE9-405D-BD5E-43525BDAD38A} version 7.2.15747.10003
*** Blocklist::_loadBlocklistFromFile: blocklist is disabled
System JS : ERROR chrome://browser/content/content-sessionStore.js:230 - TypeError: docShell.QueryInterface(...).sessionHistory is null
System JS : ERROR chrome://browser/content/content-sessionStore.js:230 - TypeError: docShell.QueryInterface(...).sessionHistory is null
JavaScript error: chrome://browser/content/urlbarBindings.xml, line 650: aUrl is undefined
JavaScript error: chrome://browser/content/urlbarBindings.xml, line 650: aUrl is undefined

	at org.openqa.selenium.firefox.internal.NewProfileExtensionConnection.start(NewProfileExtensionConnection.java:106)
	... 31 more
]]>
    </failure>
  </testcase> <!-- test -->
</testsuite>
